Build started 15/12/2015 9:16:38 AM.
     1>Project "C:\Users\Bobby\Documents\Visual Studio 2010\Projects\desktop\SpendTracker\SpendTracker.vcxproj" on node 2 (build target(s)).
     1>InitializeBuildStatus:
         Creating "Debug\SpendTracker.unsuccessfulbuild" because "AlwaysCreate" was specified.
       GenerateTargetFrameworkMonikerAttribute:
       Skipping target "GenerateTargetFrameworkMonikerAttribute" because all output files are up-to-date with respect to the input files.
       ClCompile:
         All outputs are up-to-date.
         All outputs are up-to-date.
         All outputs are up-to-date.
       CoreResGen:
         No resources are out of date with respect to their source files. Skipping resource generation.
       ResourceCompile:
         All outputs are up-to-date.
       Link:
         All outputs are up-to-date.
         SpendTracker.vcxproj -> C:\Users\Bobby\Documents\Visual Studio 2010\Projects\desktop\Debug\SpendTracker.exe
       FinalizeBuildStatus:
         Deleting file "Debug\SpendTracker.unsuccessfulbuild".
         Touching "Debug\SpendTracker.lastbuildstate".
     1>Done Building Project "C:\Users\Bobby\Documents\Visual Studio 2010\Projects\desktop\SpendTracker\SpendTracker.vcxproj" (build target(s)).

Build succeeded.

Time Elapsed 00:00:00.32
