C:\USERS\BAO JUN\DESKTOP\C++\SPENDTRACKER\DEBUG\SPENDTRACKER.EXE
C:\USERS\BAO JUN\DESKTOP\C++\SPENDTRACKER\DEBUG\SPENDTRACKER.ILK
C:\USERS\BAO JUN\DESKTOP\C++\SPENDTRACKER\DEBUG\SPENDTRACKER.PDB
C:\USERS\BAO JUN\DESKTOP\C++\SPENDTRACKER\SPENDTRACKER\DEBUG\.NETFRAMEWORK,VERSION=V4.0.ASSEMBLYATTRIBUTES.OBJ
C:\USERS\BAO JUN\DESKTOP\C++\SPENDTRACKER\SPENDTRACKER\DEBUG\APP.RES
C:\USERS\BAO JUN\DESKTOP\C++\SPENDTRACKER\SPENDTRACKER\DEBUG\ASSEMBLYINFO.OBJ
C:\USERS\BAO JUN\DESKTOP\C++\SPENDTRACKER\SPENDTRACKER\DEBUG\LOGIC.OBJ
C:\USERS\BAO JUN\DESKTOP\C++\SPENDTRACKER\SPENDTRACKER\DEBUG\PARSER.OBJ
C:\USERS\BAO JUN\DESKTOP\C++\SPENDTRACKER\SPENDTRACKER\DEBUG\SPENDTRACKER.EXE.INTERMEDIATE.MANIFEST
C:\USERS\BAO JUN\DESKTOP\C++\SPENDTRACKER\SPENDTRACKER\DEBUG\SPENDTRACKER.OBJ
C:\USERS\BAO JUN\DESKTOP\C++\SPENDTRACKER\SPENDTRACKER\DEBUG\SPENDTRACKER.PCH
C:\USERS\BAO JUN\DESKTOP\C++\SPENDTRACKER\SPENDTRACKER\DEBUG\STDAFX.OBJ
C:\USERS\BAO JUN\DESKTOP\C++\SPENDTRACKER\SPENDTRACKER\DEBUG\STORAGE.OBJ
C:\USERS\BAO JUN\DESKTOP\C++\SPENDTRACKER\SPENDTRACKER\DEBUG\VC100.PDB
C:\USERS\BAO JUN\DESKTOP\DESKTOP\DEBUG\SPENDTRACKER.EXE
C:\USERS\BAO JUN\DESKTOP\DESKTOP\DEBUG\SPENDTRACKER.ILK
C:\USERS\BAO JUN\DESKTOP\DESKTOP\DEBUG\SPENDTRACKER.PDB
C:\Users\Bao Jun\Desktop\desktop\SpendTracker\Debug\.NETFramework,Version=v4.0.AssemblyAttributes.obj
C:\USERS\BAO JUN\DESKTOP\DESKTOP\SPENDTRACKER\DEBUG\ACCOUNT.OBJ
C:\USERS\BAO JUN\DESKTOP\DESKTOP\SPENDTRACKER\DEBUG\APP.RES
C:\USERS\BAO JUN\DESKTOP\DESKTOP\SPENDTRACKER\DEBUG\ASSEMBLYINFO.OBJ
C:\Users\Bao Jun\Desktop\desktop\SpendTracker\Debug\cl.command.1.tlog
C:\Users\Bao Jun\Desktop\desktop\SpendTracker\Debug\CL.read.1.tlog
C:\Users\Bao Jun\Desktop\desktop\SpendTracker\Debug\CL.write.1.tlog
C:\Users\Bao Jun\Desktop\desktop\SpendTracker\Debug\link.2076.read.1.tlog
C:\Users\Bao Jun\Desktop\desktop\SpendTracker\Debug\link.2076.write.1.tlog
C:\Users\Bao Jun\Desktop\desktop\SpendTracker\Debug\link.2076-cvtres.read.1.tlog
C:\Users\Bao Jun\Desktop\desktop\SpendTracker\Debug\link.2076-cvtres.write.1.tlog
C:\Users\Bao Jun\Desktop\desktop\SpendTracker\Debug\link.2636.read.1.tlog
C:\Users\Bao Jun\Desktop\desktop\SpendTracker\Debug\link.2636.write.1.tlog
C:\Users\Bao Jun\Desktop\desktop\SpendTracker\Debug\link.2636-cvtres.read.1.tlog
C:\Users\Bao Jun\Desktop\desktop\SpendTracker\Debug\link.2636-cvtres.write.1.tlog
C:\Users\Bao Jun\Desktop\desktop\SpendTracker\Debug\link.6400.read.1.tlog
C:\Users\Bao Jun\Desktop\desktop\SpendTracker\Debug\link.6400.write.1.tlog
C:\Users\Bao Jun\Desktop\desktop\SpendTracker\Debug\link.6400-cvtres.read.1.tlog
C:\Users\Bao Jun\Desktop\desktop\SpendTracker\Debug\link.6400-cvtres.write.1.tlog
C:\Users\Bao Jun\Desktop\desktop\SpendTracker\Debug\link.command.1.tlog
C:\Users\Bao Jun\Desktop\desktop\SpendTracker\Debug\link.read.1.tlog
C:\Users\Bao Jun\Desktop\desktop\SpendTracker\Debug\link.write.1.tlog
C:\USERS\BAO JUN\DESKTOP\DESKTOP\SPENDTRACKER\DEBUG\LOGIC.OBJ
C:\Users\Bao Jun\Desktop\desktop\SpendTracker\Debug\mt.command.1.tlog
C:\Users\Bao Jun\Desktop\desktop\SpendTracker\Debug\mt.read.1.tlog
C:\Users\Bao Jun\Desktop\desktop\SpendTracker\Debug\mt.write.1.tlog
C:\USERS\BAO JUN\DESKTOP\DESKTOP\SPENDTRACKER\DEBUG\PARSER.OBJ
C:\Users\Bao Jun\Desktop\desktop\SpendTracker\Debug\rc.command.1.tlog
C:\Users\Bao Jun\Desktop\desktop\SpendTracker\Debug\rc.read.1.tlog
C:\Users\Bao Jun\Desktop\desktop\SpendTracker\Debug\rc.write.1.tlog
C:\USERS\BAO JUN\DESKTOP\DESKTOP\SPENDTRACKER\DEBUG\SPENDTRACKER.EXE.INTERMEDIATE.MANIFEST
C:\Users\Bao Jun\Desktop\desktop\SpendTracker\Debug\SpendTracker.Form1.resources
C:\USERS\BAO JUN\DESKTOP\DESKTOP\SPENDTRACKER\DEBUG\SPENDTRACKER.OBJ
C:\USERS\BAO JUN\DESKTOP\DESKTOP\SPENDTRACKER\DEBUG\SPENDTRACKER.PCH
C:\Users\Bao Jun\Desktop\desktop\SpendTracker\Debug\SpendTracker.vcxproj.GenerateResource.Cache
C:\Users\Bao Jun\Desktop\desktop\SpendTracker\Debug\SpendTracker.vcxprojResolveAssemblyReference.cache
C:\Users\Bao Jun\Desktop\desktop\SpendTracker\Debug\SpendTracker.write.1.tlog
C:\USERS\BAO JUN\DESKTOP\DESKTOP\SPENDTRACKER\DEBUG\STDAFX.OBJ
C:\USERS\BAO JUN\DESKTOP\DESKTOP\SPENDTRACKER\DEBUG\STORAGE.OBJ
C:\USERS\BAO JUN\DESKTOP\DESKTOP\SPENDTRACKER\DEBUG\STORAGELOAD.OBJ
C:\USERS\BAO JUN\DESKTOP\DESKTOP\SPENDTRACKER\DEBUG\STORAGESAVE.OBJ
C:\USERS\BAO JUN\DESKTOP\DESKTOP\SPENDTRACKER\DEBUG\VC100.PDB
C:\USERS\BOBBY\DOCUMENTS\VISUAL STUDIO 2010\PROJECTS\DESKTOP\DEBUG\SPENDTRACKER.EXE
C:\USERS\BOBBY\DOCUMENTS\VISUAL STUDIO 2010\PROJECTS\DESKTOP\DEBUG\SPENDTRACKER.ILK
C:\USERS\BOBBY\DOCUMENTS\VISUAL STUDIO 2010\PROJECTS\DESKTOP\DEBUG\SPENDTRACKER.PDB
C:\USERS\BOBBY\DOCUMENTS\VISUAL STUDIO 2010\PROJECTS\DESKTOP\SPENDTRACKER\DEBUG\.NETFRAMEWORK,VERSION=V4.0.ASSEMBLYATTRIBUTES.OBJ
C:\USERS\BOBBY\DOCUMENTS\VISUAL STUDIO 2010\PROJECTS\DESKTOP\SPENDTRACKER\DEBUG\APP.RES
C:\USERS\BOBBY\DOCUMENTS\VISUAL STUDIO 2010\PROJECTS\DESKTOP\SPENDTRACKER\DEBUG\ASSEMBLYINFO.OBJ
C:\USERS\BOBBY\DOCUMENTS\VISUAL STUDIO 2010\PROJECTS\DESKTOP\SPENDTRACKER\DEBUG\LOGIC.OBJ
C:\USERS\BOBBY\DOCUMENTS\VISUAL STUDIO 2010\PROJECTS\DESKTOP\SPENDTRACKER\DEBUG\PARSER.OBJ
C:\USERS\BOBBY\DOCUMENTS\VISUAL STUDIO 2010\PROJECTS\DESKTOP\SPENDTRACKER\DEBUG\SPENDTRACKER.EXE.INTERMEDIATE.MANIFEST
C:\USERS\BOBBY\DOCUMENTS\VISUAL STUDIO 2010\PROJECTS\DESKTOP\SPENDTRACKER\DEBUG\SPENDTRACKER.OBJ
C:\USERS\BOBBY\DOCUMENTS\VISUAL STUDIO 2010\PROJECTS\DESKTOP\SPENDTRACKER\DEBUG\SPENDTRACKER.PCH
C:\USERS\BOBBY\DOCUMENTS\VISUAL STUDIO 2010\PROJECTS\DESKTOP\SPENDTRACKER\DEBUG\STDAFX.OBJ
C:\USERS\BOBBY\DOCUMENTS\VISUAL STUDIO 2010\PROJECTS\DESKTOP\SPENDTRACKER\DEBUG\STORAGE.OBJ
C:\USERS\BOBBY\DOCUMENTS\VISUAL STUDIO 2010\PROJECTS\DESKTOP\SPENDTRACKER\DEBUG\VC100.PDB
